This is pdfTeX, Version 3.14159265-2.6-1.40.19 (TeX Live 2018) (preloaded format=pdflatex 2018.4.16)  19 JUL 2020 14:32
entering extended mode
 restricted \write18 enabled.
 %&-line parsing enabled.
**/Users/IceCream/Documents/fse19-data/file_checkout/YARN-8209/883f68222a9cfd06
f79a8fcd75ec9fef00abc035/~DockerCommandExecutor.java

! Emergency stop.
<to be read again> 
                   \protect 
<*> .../883f68222a9cfd06f79a8fcd75ec9fef00abc035/~
                                                  DockerCommandExecutor.java
End of file on the terminal!

 
Here is how much of TeX's memory you used:
 3 strings out of 492649
 197 string characters out of 6129622
 56311 words of memory out of 5000000
 3988 multiletter control sequences out of 15000+600000
 3640 words of font info for 14 fonts, out of 8000000 for 9000
 1141 hyphenation exceptions out of 8191
 3i,0n,0p,1b,6s stack positions out of 5000i,500n,10000p,200000b,80000s
!  ==> Fatal error occurred, no output PDF file produced!
